<?xml version="1.0" encoding="UTF-8" ?>
<testsuite tests="2" failures="0" name="rugal.sample.springmvc.controller.StudentActionClientSideTest" time="0.052" errors="0" skipped="2">
  <properties>
[...]
</properties>
  <testcase classname="rugal.sample.springmvc.controller.StudentActionClientSideTest" name="test" time="0.026">
    <skipped/>
    <system-out>17:10:22,687 [ INFO] WebTestContextBootstrapper:256 - Loaded default TestExecutionListener class names from location [META-INF/spring.factories]: [org.springframework.test.context.web.ServletTestExecutionListener, org.springframework.test.context.support.DependencyInjectionTestExecutionListener, org.springframework.test.context.support.DirtiesContextTestExecutionListener, org.springframework.test.context.transaction.TransactionalTestExecutionListener, org.springframework.test.context.jdbc.SqlScriptsTestExecutionListener]
17:10:22,688 [ INFO] WebTestContextBootstrapper:182 - Using TestExecutionListeners: [org.springframework.test.context.web.ServletTestExecutionListener@1a1ed4e5, org.springframework.test.context.support.DependencyInjectionTestExecutionListener@667e34b1, org.springframework.test.context.support.DirtiesContextTestExecutionListener@1c6e0a08, org.springframework.test.context.transaction.TransactionalTestExecutionListener@6dba847b, org.springframework.test.context.jdbc.SqlScriptsTestExecutionListener@1efdcd5]
</system-out>
  </testcase>
  <testcase classname="rugal.sample.springmvc.controller.StudentActionClientSideTest" name="testPost" time="0.026">
    <skipped/>
  </testcase>
</testsuite>